# JRE version: Java(TM) SE Runtime Environment (8.0_121-b13) (build 1.8.0_121-b13)
# Java VM: Java HotSpot(TM) 64-Bit Server VM (25.121-b13 mixed mode windows-amd64 compressed oops)
Heap:
 PSYoungGen      total 52224K, used 17075K [0x00000000e0780000, 0x00000000e8c00000, 0x0000000100000000)
  eden space 48128K, 27% used [0x00000000e0780000,0x00000000e1450208,0x00000000e3680000)
  from space 4096K, 96% used [0x00000000e3680000,0x00000000e3a5cd98,0x00000000e3a80000)
  to   space 25088K, 0% used [0x00000000e7380000,0x00000000e7380000,0x00000000e8c00000)
 ParOldGen       total 75264K, used 42918K [0x00000000a1600000, 0x00000000a5f80000, 0x00000000e0780000)
  object space 75264K, 57% used [0x00000000a1600000,0x00000000a3fe9a40,0x00000000a5f80000)
 Metaspace       used 13339K, capacity 13530K, committed 13824K, reserved 1060864K
  class space    used 1661K, capacity 1741K, committed 1792K, reserved 1048576K
GC Heap History (10 events):
Event: 3.242 GC heap before
{Heap before GC invocations=2 (full 0):
 PSYoungGen      total 28672K, used 22253K [0x00000000e0780000, 0x00000000e2780000, 0x0000000100000000)
  eden space 24576K, 74% used [0x00000000e0780000,0x00000000e1943010,0x00000000e1f80000)
  from space 4096K, 99% used [0x00000000e1f80000,0x00000000e2378778,0x00000000e2380000)
  to   space 4096K, 0% used [0x00000000e2380000,0x00000000e2380000,0x00000000e2780000)
 ParOldGen       total 65536K, used 10045K [0x00000000a1600000, 0x00000000a5600000, 0x00000000e0780000)
  object space 65536K, 15% used [0x00000000a1600000,0x00000000a1fcf7b0,0x00000000a5600000)
 Metaspace       used 12850K, capacity 13044K, committed 13312K, reserved 1060864K
  class space    used 1624K, capacity 1706K, committed 1792K, reserved 1048576K
Event: 3.247 GC heap after
Heap after GC invocations=2 (full 0):
 PSYoungGen      total 28672K, used 4081K [0x00000000e0780000, 0x00000000e3f80000, 0x0000000100000000)
  eden space 24576K, 0% used [0x00000000e0780000,0x00000000e0780000,0x00000000e1f80000)
  from space 4096K, 99% used [0x00000000e2380000,0x00000000e277c768,0x00000000e2780000)
  to   space 4096K, 0% used [0x00000000e1f80000,0x00000000e1f80000,0x00000000e2380000)
 ParOldGen       total 65536K, used 22488K [0x00000000a1600000, 0x00000000a5600000, 0x00000000e0780000)
  object space 65536K, 34% used [0x00000000a1600000,0x00000000a2bf6170,0x00000000a5600000)
 Metaspace       used 12850K, capacity 13044K, committed 13312K, reserved 1060864K
  class space    used 1624K, capacity 1706K, committed 1792K, reserved 1048576K
}
Event: 3.282 GC heap before
{Heap before GC invocations=3 (full 0):
 PSYoungGen      total 28672K, used 25358K [0x00000000e0780000, 0x00000000e3f80000, 0x0000000100000000)
  eden space 24576K, 86% used [0x00000000e0780000,0x00000000e1c47300,0x00000000e1f80000)
  from space 4096K, 99% used [0x00000000e2380000,0x00000000e277c768,0x00000000e2780000)
  to   space 4096K, 0% used [0x00000000e1f80000,0x00000000e1f80000,0x00000000e2380000)
 ParOldGen       total 65536K, used 38872K [0x00000000a1600000, 0x00000000a5600000, 0x00000000e0780000)
  object space 65536K, 59% used [0x00000000a1600000,0x00000000a3bf6180,0x00000000a5600000)
 Metaspace       used 12870K, capacity 13044K, committed 13312K, reserved 1060864K
  class space    used 1624K, capacity 1706K, committed 1792K, reserved 1048576K
Event: 3.288 GC heap after
Heap after GC invocations=3 (full 0):
 PSYoungGen      total 28672K, used 4081K [0x00000000e0780000, 0x00000000e3f80000, 0x0000000100000000)
  eden space 24576K, 0% used [0x00000000e0780000,0x00000000e0780000,0x00000000e1f80000)
  from space 4096K, 99% used [0x00000000e1f80000,0x00000000e237c768,0x00000000e2380000)
  to   space 4096K, 0% used [0x00000000e3b80000,0x00000000e3b80000,0x00000000e3f80000)
 ParOldGen       total 65536K, used 54636K [0x00000000a1600000, 0x00000000a5600000, 0x00000000e0780000)
  object space 65536K, 83% used [0x00000000a1600000,0x00000000a4b5b060,0x00000000a5600000)
 Metaspace       used 12870K, capacity 13044K, committed 13312K, reserved 1060864K
  class space    used 1624K, capacity 1706K, committed 1792K, reserved 1048576K
}
Event: 3.288 GC heap before
{Heap before GC invocations=4 (full 1):
 PSYoungGen      total 28672K, used 4081K [0x00000000e0780000, 0x00000000e3f80000, 0x0000000100000000)
  eden space 24576K, 0% used [0x00000000e0780000,0x00000000e0780000,0x00000000e1f80000)
  from space 4096K, 99% used [0x00000000e1f80000,0x00000000e237c768,0x00000000e2380000)
  to   space 4096K, 0% used [0x00000000e3b80000,0x00000000e3b80000,0x00000000e3f80000)
 ParOldGen       total 65536K, used 54636K [0x00000000a1600000, 0x00000000a5600000, 0x00000000e0780000)
  object space 65536K, 83% used [0x00000000a1600000,0x00000000a4b5b060,0x00000000a5600000)
 Metaspace       used 12870K, capacity 13044K, committed 13312K, reserved 1060864K
  class space    used 1624K, capacity 1706K, committed 1792K, reserved 1048576K
Event: 3.311 GC heap after
Heap after GC invocations=4 (full 1):
 PSYoungGen      total 28672K, used 0K [0x00000000e0780000, 0x00000000e3f80000, 0x0000000100000000)
  eden space 24576K, 0% used [0x00000000e0780000,0x00000000e0780000,0x00000000e1f80000)
  from space 4096K, 0% used [0x00000000e1f80000,0x00000000e1f80000,0x00000000e2380000)
  to   space 4096K, 0% used [0x00000000e3b80000,0x00000000e3b80000,0x00000000e3f80000)
 ParOldGen       total 75264K, used 28632K [0x00000000a1600000, 0x00000000a5f80000, 0x00000000e0780000)
  object space 75264K, 38% used [0x00000000a1600000,0x00000000a31f63c8,0x00000000a5f80000)
 Metaspace       used 12870K, capacity 13044K, committed 13312K, reserved 1060864K
  class space    used 1624K, capacity 1706K, committed 1792K, reserved 1048576K
}
Event: 3.460 GC heap before
{Heap before GC invocations=5 (full 1):
 PSYoungGen      total 28672K, used 24576K [0x00000000e0780000, 0x00000000e3f80000, 0x0000000100000000)
  eden space 24576K, 100% used [0x00000000e0780000,0x00000000e1f80000,0x00000000e1f80000)
  from space 4096K, 0% used [0x00000000e1f80000,0x00000000e1f80000,0x00000000e2380000)
  to   space 4096K, 0% used [0x00000000e3b80000,0x00000000e3b80000,0x00000000e3f80000)
 ParOldGen       total 75264K, used 28632K [0x00000000a1600000, 0x00000000a5f80000, 0x00000000e0780000)
  object space 75264K, 38% used [0x00000000a1600000,0x00000000a31f63c8,0x00000000a5f80000)
 Metaspace       used 13189K, capacity 13402K, committed 13568K, reserved 1060864K
  class space    used 1658K, capacity 1741K, committed 1792K, reserved 1048576K
Event: 3.463 GC heap after
Heap after GC invocations=5 (full 1):
 PSYoungGen      total 49152K, used 2621K [0x00000000e0780000, 0x00000000e3e80000, 0x0000000100000000)
  eden space 46080K, 0% used [0x00000000e0780000,0x00000000e0780000,0x00000000e3480000)
  from space 3072K, 85% used [0x00000000e3b80000,0x00000000e3e0f7b0,0x00000000e3e80000)
  to   space 4096K, 0% used [0x00000000e3680000,0x00000000e3680000,0x00000000e3a80000)
 ParOldGen       total 75264K, used 36978K [0x00000000a1600000, 0x00000000a5f80000, 0x00000000e0780000)
  object space 75264K, 49% used [0x00000000a1600000,0x00000000a3a1c8b0,0x00000000a5f80000)
 Metaspace       used 13189K, capacity 13402K, committed 13568K, reserved 1060864K
  class space    used 1658K, capacity 1741K, committed 1792K, reserved 1048576K
}
Event: 3.598 GC heap before
{Heap before GC invocations=6 (full 1):
 PSYoungGen      total 49152K, used 48582K [0x00000000e0780000, 0x00000000e3e80000, 0x0000000100000000)
  eden space 46080K, 99% used [0x00000000e0780000,0x00000000e3462128,0x00000000e3480000)
  from space 3072K, 85% used [0x00000000e3b80000,0x00000000e3e0f7b0,0x00000000e3e80000)
  to   space 4096K, 0% used [0x00000000e3680000,0x00000000e3680000,0x00000000e3a80000)
 ParOldGen       total 75264K, used 36978K [0x00000000a1600000, 0x00000000a5f80000, 0x00000000e0780000)
  object space 75264K, 49% used [0x00000000a1600000,0x00000000a3a1c8b0,0x00000000a5f80000)
 Metaspace       used 13267K, capacity 13466K, committed 13824K, reserved 1060864K
  class space    used 1660K, capacity 1741K, committed 1792K, reserved 1048576K
Event: 3.601 GC heap after
Heap after GC invocations=6 (full 1):
 PSYoungGen      total 52224K, used 3955K [0x00000000e0780000, 0x00000000e8c00000, 0x0000000100000000)
  eden space 48128K, 0% used [0x00000000e0780000,0x00000000e0780000,0x00000000e3680000)
  from space 4096K, 96% used [0x00000000e3680000,0x00000000e3a5cd98,0x00000000e3a80000)
  to   space 25088K, 0% used [0x00000000e7380000,0x00000000e7380000,0x00000000e8c00000)
 ParOldGen       total 75264K, used 42918K [0x00000000a1600000, 0x00000000a5f80000, 0x00000000e0780000)
  object space 75264K, 57% used [0x00000000a1600000,0x00000000a3fe9a40,0x00000000a5f80000)
 Metaspace       used 13267K, capacity 13466K, committed 13824K, reserved 1060864K
  class space    used 1660K, capacity 1741K, committed 1792K, reserved 1048576K
}

