# JRE version: Java(TM) SE Runtime Environment (8.0_121-b13) (build 1.8.0_121-b13)
# Java VM: Java HotSpot(TM) 64-Bit Server VM (25.121-b13 mixed mode windows-amd64 compressed oops)
Heap:
 PSYoungGen      total 53248K, used 14480K [0x00000000e0780000, 0x00000000e9100000, 0x0000000100000000)
  eden space 49152K, 21% used [0x00000000e0780000,0x00000000e11c3d40,0x00000000e3780000)
  from space 4096K, 96% used [0x00000000e3780000,0x00000000e3b606b8,0x00000000e3b80000)
  to   space 25600K, 0% used [0x00000000e7800000,0x00000000e7800000,0x00000000e9100000)
 ParOldGen       total 88576K, used 44728K [0x00000000a1600000, 0x00000000a6c80000, 0x00000000e0780000)
  object space 88576K, 50% used [0x00000000a1600000,0x00000000a41ae320,0x00000000a6c80000)
 Metaspace       used 13264K, capacity 13482K, committed 13824K, reserved 1060864K
  class space    used 1661K, capacity 1741K, committed 1792K, reserved 1048576K
GC Heap History (10 events):
Event: 2.215 GC heap before
{Heap before GC invocations=2 (full 0):
 PSYoungGen      total 28672K, used 22186K [0x00000000e0780000, 0x00000000e2780000, 0x0000000100000000)
  eden space 24576K, 73% used [0x00000000e0780000,0x00000000e1932328,0x00000000e1f80000)
  from space 4096K, 99% used [0x00000000e1f80000,0x00000000e2378778,0x00000000e2380000)
  to   space 4096K, 0% used [0x00000000e2380000,0x00000000e2380000,0x00000000e2780000)
 ParOldGen       total 65536K, used 7964K [0x00000000a1600000, 0x00000000a5600000, 0x00000000e0780000)
  object space 65536K, 12% used [0x00000000a1600000,0x00000000a1dc7068,0x00000000a5600000)
 Metaspace       used 12807K, capacity 12992K, committed 13312K, reserved 1060864K
  class space    used 1624K, capacity 1706K, committed 1792K, reserved 1048576K
Event: 2.220 GC heap after
Heap after GC invocations=2 (full 0):
 PSYoungGen      total 28672K, used 4081K [0x00000000e0780000, 0x00000000e3f80000, 0x0000000100000000)
  eden space 24576K, 0% used [0x00000000e0780000,0x00000000e0780000,0x00000000e1f80000)
  from space 4096K, 99% used [0x00000000e2380000,0x00000000e277c768,0x00000000e2780000)
  to   space 4096K, 0% used [0x00000000e1f80000,0x00000000e1f80000,0x00000000e2380000)
 ParOldGen       total 65536K, used 20368K [0x00000000a1600000, 0x00000000a5600000, 0x00000000e0780000)
  object space 65536K, 31% used [0x00000000a1600000,0x00000000a29e4348,0x00000000a5600000)
 Metaspace       used 12807K, capacity 12992K, committed 13312K, reserved 1060864K
  class space    used 1624K, capacity 1706K, committed 1792K, reserved 1048576K
}
Event: 2.256 GC heap before
{Heap before GC invocations=3 (full 0):
 PSYoungGen      total 28672K, used 25358K [0x00000000e0780000, 0x00000000e3f80000, 0x0000000100000000)
  eden space 24576K, 86% used [0x00000000e0780000,0x00000000e1c47300,0x00000000e1f80000)
  from space 4096K, 99% used [0x00000000e2380000,0x00000000e277c768,0x00000000e2780000)
  to   space 4096K, 0% used [0x00000000e1f80000,0x00000000e1f80000,0x00000000e2380000)
 ParOldGen       total 65536K, used 36752K [0x00000000a1600000, 0x00000000a5600000, 0x00000000e0780000)
  object space 65536K, 56% used [0x00000000a1600000,0x00000000a39e4358,0x00000000a5600000)
 Metaspace       used 12827K, capacity 13056K, committed 13312K, reserved 1060864K
  class space    used 1624K, capacity 1706K, committed 1792K, reserved 1048576K
Event: 2.259 GC heap after
Heap after GC invocations=3 (full 0):
 PSYoungGen      total 28672K, used 4081K [0x00000000e0780000, 0x00000000e3f80000, 0x0000000100000000)
  eden space 24576K, 0% used [0x00000000e0780000,0x00000000e0780000,0x00000000e1f80000)
  from space 4096K, 99% used [0x00000000e1f80000,0x00000000e237c768,0x00000000e2380000)
  to   space 4096K, 0% used [0x00000000e3b80000,0x00000000e3b80000,0x00000000e3f80000)
 ParOldGen       total 65536K, used 44316K [0x00000000a1600000, 0x00000000a5600000, 0x00000000e0780000)
  object space 65536K, 67% used [0x00000000a1600000,0x00000000a4147228,0x00000000a5600000)
 Metaspace       used 12827K, capacity 13056K, committed 13312K, reserved 1060864K
  class space    used 1624K, capacity 1706K, committed 1792K, reserved 1048576K
}
Event: 2.413 GC heap before
{Heap before GC invocations=4 (full 0):
 PSYoungGen      total 28672K, used 28657K [0x00000000e0780000, 0x00000000e3f80000, 0x0000000100000000)
  eden space 24576K, 100% used [0x00000000e0780000,0x00000000e1f80000,0x00000000e1f80000)
  from space 4096K, 99% used [0x00000000e1f80000,0x00000000e237c768,0x00000000e2380000)
  to   space 4096K, 0% used [0x00000000e3b80000,0x00000000e3b80000,0x00000000e3f80000)
 ParOldGen       total 65536K, used 44316K [0x00000000a1600000, 0x00000000a5600000, 0x00000000e0780000)
  object space 65536K, 67% used [0x00000000a1600000,0x00000000a4147228,0x00000000a5600000)
 Metaspace       used 13153K, capacity 13350K, committed 13568K, reserved 1060864K
  class space    used 1658K, capacity 1741K, committed 1792K, reserved 1048576K
Event: 2.420 GC heap after
Heap after GC invocations=4 (full 0):
 PSYoungGen      total 53248K, used 4081K [0x00000000e0780000, 0x00000000e3f80000, 0x0000000100000000)
  eden space 49152K, 0% used [0x00000000e0780000,0x00000000e0780000,0x00000000e3780000)
  from space 4096K, 99% used [0x00000000e3b80000,0x00000000e3f7c768,0x00000000e3f80000)
  to   space 4096K, 0% used [0x00000000e3780000,0x00000000e3780000,0x00000000e3b80000)
 ParOldGen       total 65536K, used 62655K [0x00000000a1600000, 0x00000000a5600000, 0x00000000e0780000)
  object space 65536K, 95% used [0x00000000a1600000,0x00000000a532fee0,0x00000000a5600000)
 Metaspace       used 13153K, capacity 13350K, committed 13568K, reserved 1060864K
  class space    used 1658K, capacity 1741K, committed 1792K, reserved 1048576K
}
Event: 2.420 GC heap before
{Heap before GC invocations=5 (full 1):
 PSYoungGen      total 53248K, used 4081K [0x00000000e0780000, 0x00000000e3f80000, 0x0000000100000000)
  eden space 49152K, 0% used [0x00000000e0780000,0x00000000e0780000,0x00000000e3780000)
  from space 4096K, 99% used [0x00000000e3b80000,0x00000000e3f7c768,0x00000000e3f80000)
  to   space 4096K, 0% used [0x00000000e3780000,0x00000000e3780000,0x00000000e3b80000)
 ParOldGen       total 65536K, used 62655K [0x00000000a1600000, 0x00000000a5600000, 0x00000000e0780000)
  object space 65536K, 95% used [0x00000000a1600000,0x00000000a532fee0,0x00000000a5600000)
 Metaspace       used 13153K, capacity 13350K, committed 13568K, reserved 1060864K
  class space    used 1658K, capacity 1741K, committed 1792K, reserved 1048576K
Event: 2.441 GC heap after
Heap after GC invocations=5 (full 1):
 PSYoungGen      total 53248K, used 0K [0x00000000e0780000, 0x00000000e3f80000, 0x0000000100000000)
  eden space 49152K, 0% used [0x00000000e0780000,0x00000000e0780000,0x00000000e3780000)
  from space 4096K, 0% used [0x00000000e3b80000,0x00000000e3b80000,0x00000000e3f80000)
  to   space 4096K, 0% used [0x00000000e3780000,0x00000000e3780000,0x00000000e3b80000)
 ParOldGen       total 88576K, used 39503K [0x00000000a1600000, 0x00000000a6c80000, 0x00000000e0780000)
  object space 88576K, 44% used [0x00000000a1600000,0x00000000a3c93cf0,0x00000000a6c80000)
 Metaspace       used 13153K, capacity 13350K, committed 13568K, reserved 1060864K
  class space    used 1658K, capacity 1741K, committed 1792K, reserved 1048576K
}
Event: 2.569 GC heap before
{Heap before GC invocations=6 (full 1):
 PSYoungGen      total 53248K, used 49152K [0x00000000e0780000, 0x00000000e3f80000, 0x0000000100000000)
  eden space 49152K, 100% used [0x00000000e0780000,0x00000000e3780000,0x00000000e3780000)
  from space 4096K, 0% used [0x00000000e3b80000,0x00000000e3b80000,0x00000000e3f80000)
  to   space 4096K, 0% used [0x00000000e3780000,0x00000000e3780000,0x00000000e3b80000)
 ParOldGen       total 88576K, used 39503K [0x00000000a1600000, 0x00000000a6c80000, 0x00000000e0780000)
  object space 88576K, 44% used [0x00000000a1600000,0x00000000a3c93cf0,0x00000000a6c80000)
 Metaspace       used 13221K, capacity 13414K, committed 13824K, reserved 1060864K
  class space    used 1660K, capacity 1741K, committed 1792K, reserved 1048576K
Event: 2.572 GC heap after
Heap after GC invocations=6 (full 1):
 PSYoungGen      total 53248K, used 3969K [0x00000000e0780000, 0x00000000e9100000, 0x0000000100000000)
  eden space 49152K, 0% used [0x00000000e0780000,0x00000000e0780000,0x00000000e3780000)
  from space 4096K, 96% used [0x00000000e3780000,0x00000000e3b606b8,0x00000000e3b80000)
  to   space 25600K, 0% used [0x00000000e7800000,0x00000000e7800000,0x00000000e9100000)
 ParOldGen       total 88576K, used 44728K [0x00000000a1600000, 0x00000000a6c80000, 0x00000000e0780000)
  object space 88576K, 50% used [0x00000000a1600000,0x00000000a41ae320,0x00000000a6c80000)
 Metaspace       used 13221K, capacity 13414K, committed 13824K, reserved 1060864K
  class space    used 1660K, capacity 1741K, committed 1792K, reserved 1048576K
}

