# JRE version: Java(TM) SE Runtime Environment (8.0_121-b13) (build 1.8.0_121-b13)
# Java VM: Java HotSpot(TM) 64-Bit Server VM (25.121-b13 mixed mode windows-amd64 compressed oops)
Heap:
 PSYoungGen      total 53248K, used 14138K [0x00000000e0780000, 0x00000000e9100000, 0x0000000100000000)
  eden space 49152K, 20% used [0x00000000e0780000,0x00000000e1152158,0x00000000e3780000)
  from space 4096K, 99% used [0x00000000e3780000,0x00000000e3b7c830,0x00000000e3b80000)
  to   space 24064K, 0% used [0x00000000e7980000,0x00000000e7980000,0x00000000e9100000)
 ParOldGen       total 88064K, used 46113K [0x00000000a1600000, 0x00000000a6c00000, 0x00000000e0780000)
  object space 88064K, 52% used [0x00000000a1600000,0x00000000a4308628,0x00000000a6c00000)
 Metaspace       used 13676K, capacity 13862K, committed 14080K, reserved 1060864K
  class space    used 1663K, capacity 1741K, committed 1792K, reserved 1048576K
GC Heap History (10 events):
Event: 5.241 GC heap before
{Heap before GC invocations=2 (full 0):
 PSYoungGen      total 28672K, used 23639K [0x00000000e0780000, 0x00000000e2780000, 0x0000000100000000)
  eden space 24576K, 79% used [0x00000000e0780000,0x00000000e1a9d598,0x00000000e1f80000)
  from space 4096K, 99% used [0x00000000e1f80000,0x00000000e2378778,0x00000000e2380000)
  to   space 4096K, 0% used [0x00000000e2380000,0x00000000e2380000,0x00000000e2780000)
 ParOldGen       total 65536K, used 9168K [0x00000000a1600000, 0x00000000a5600000, 0x00000000e0780000)
  object space 65536K, 13% used [0x00000000a1600000,0x00000000a1ef4278,0x00000000a5600000)
 Metaspace       used 13271K, capacity 13440K, committed 13568K, reserved 1060864K
  class space    used 1627K, capacity 1706K, committed 1792K, reserved 1048576K
Event: 5.245 GC heap after
Heap after GC invocations=2 (full 0):
 PSYoungGen      total 28672K, used 4081K [0x00000000e0780000, 0x00000000e3f80000, 0x0000000100000000)
  eden space 24576K, 0% used [0x00000000e0780000,0x00000000e0780000,0x00000000e1f80000)
  from space 4096K, 99% used [0x00000000e2380000,0x00000000e277c768,0x00000000e2780000)
  to   space 4096K, 0% used [0x00000000e1f80000,0x00000000e1f80000,0x00000000e2380000)
 ParOldGen       total 65536K, used 21944K [0x00000000a1600000, 0x00000000a5600000, 0x00000000e0780000)
  object space 65536K, 33% used [0x00000000a1600000,0x00000000a2b6e2a8,0x00000000a5600000)
 Metaspace       used 13271K, capacity 13440K, committed 13568K, reserved 1060864K
  class space    used 1627K, capacity 1706K, committed 1792K, reserved 1048576K
}
Event: 5.280 GC heap before
{Heap before GC invocations=3 (full 0):
 PSYoungGen      total 28672K, used 25361K [0x00000000e0780000, 0x00000000e3f80000, 0x0000000100000000)
  eden space 24576K, 86% used [0x00000000e0780000,0x00000000e1c47d10,0x00000000e1f80000)
  from space 4096K, 99% used [0x00000000e2380000,0x00000000e277c768,0x00000000e2780000)
  to   space 4096K, 0% used [0x00000000e1f80000,0x00000000e1f80000,0x00000000e2380000)
 ParOldGen       total 65536K, used 38328K [0x00000000a1600000, 0x00000000a5600000, 0x00000000e0780000)
  object space 65536K, 58% used [0x00000000a1600000,0x00000000a3b6e2b8,0x00000000a5600000)
 Metaspace       used 13282K, capacity 13440K, committed 13568K, reserved 1060864K
  class space    used 1627K, capacity 1706K, committed 1792K, reserved 1048576K
Event: 5.284 GC heap after
Heap after GC invocations=3 (full 0):
 PSYoungGen      total 28672K, used 4081K [0x00000000e0780000, 0x00000000e3f80000, 0x0000000100000000)
  eden space 24576K, 0% used [0x00000000e0780000,0x00000000e0780000,0x00000000e1f80000)
  from space 4096K, 99% used [0x00000000e1f80000,0x00000000e237c768,0x00000000e2380000)
  to   space 4096K, 0% used [0x00000000e3b80000,0x00000000e3b80000,0x00000000e3f80000)
 ParOldGen       total 65536K, used 45884K [0x00000000a1600000, 0x00000000a5600000, 0x00000000e0780000)
  object space 65536K, 70% used [0x00000000a1600000,0x00000000a42cf188,0x00000000a5600000)
 Metaspace       used 13282K, capacity 13440K, committed 13568K, reserved 1060864K
  class space    used 1627K, capacity 1706K, committed 1792K, reserved 1048576K
}
Event: 5.418 GC heap before
{Heap before GC invocations=4 (full 0):
 PSYoungGen      total 28672K, used 28657K [0x00000000e0780000, 0x00000000e3f80000, 0x0000000100000000)
  eden space 24576K, 100% used [0x00000000e0780000,0x00000000e1f80000,0x00000000e1f80000)
  from space 4096K, 99% used [0x00000000e1f80000,0x00000000e237c768,0x00000000e2380000)
  to   space 4096K, 0% used [0x00000000e3b80000,0x00000000e3b80000,0x00000000e3f80000)
 ParOldGen       total 65536K, used 45884K [0x00000000a1600000, 0x00000000a5600000, 0x00000000e0780000)
  object space 65536K, 70% used [0x00000000a1600000,0x00000000a42cf188,0x00000000a5600000)
 Metaspace       used 13603K, capacity 13798K, committed 14080K, reserved 1060864K
  class space    used 1660K, capacity 1741K, committed 1792K, reserved 1048576K
Event: 5.427 GC heap after
Heap after GC invocations=4 (full 0):
 PSYoungGen      total 53248K, used 4081K [0x00000000e0780000, 0x00000000e3f80000, 0x0000000100000000)
  eden space 49152K, 0% used [0x00000000e0780000,0x00000000e0780000,0x00000000e3780000)
  from space 4096K, 99% used [0x00000000e3b80000,0x00000000e3f7c768,0x00000000e3f80000)
  to   space 4096K, 0% used [0x00000000e3780000,0x00000000e3780000,0x00000000e3b80000)
 ParOldGen       total 65536K, used 64269K [0x00000000a1600000, 0x00000000a5600000, 0x00000000e0780000)
  object space 65536K, 98% used [0x00000000a1600000,0x00000000a54c3580,0x00000000a5600000)
 Metaspace       used 13603K, capacity 13798K, committed 14080K, reserved 1060864K
  class space    used 1660K, capacity 1741K, committed 1792K, reserved 1048576K
}
Event: 5.427 GC heap before
{Heap before GC invocations=5 (full 1):
 PSYoungGen      total 53248K, used 4081K [0x00000000e0780000, 0x00000000e3f80000, 0x0000000100000000)
  eden space 49152K, 0% used [0x00000000e0780000,0x00000000e0780000,0x00000000e3780000)
  from space 4096K, 99% used [0x00000000e3b80000,0x00000000e3f7c768,0x00000000e3f80000)
  to   space 4096K, 0% used [0x00000000e3780000,0x00000000e3780000,0x00000000e3b80000)
 ParOldGen       total 65536K, used 64269K [0x00000000a1600000, 0x00000000a5600000, 0x00000000e0780000)
  object space 65536K, 98% used [0x00000000a1600000,0x00000000a54c3580,0x00000000a5600000)
 Metaspace       used 13603K, capacity 13798K, committed 14080K, reserved 1060864K
  class space    used 1660K, capacity 1741K, committed 1792K, reserved 1048576K
Event: 5.454 GC heap after
Heap after GC invocations=5 (full 1):
 PSYoungGen      total 53248K, used 0K [0x00000000e0780000, 0x00000000e3f80000, 0x0000000100000000)
  eden space 49152K, 0% used [0x00000000e0780000,0x00000000e0780000,0x00000000e3780000)
  from space 4096K, 0% used [0x00000000e3b80000,0x00000000e3b80000,0x00000000e3f80000)
  to   space 4096K, 0% used [0x00000000e3780000,0x00000000e3780000,0x00000000e3b80000)
 ParOldGen       total 88064K, used 39902K [0x00000000a1600000, 0x00000000a6c00000, 0x00000000e0780000)
  object space 88064K, 45% used [0x00000000a1600000,0x00000000a3cf7b50,0x00000000a6c00000)
 Metaspace       used 13603K, capacity 13798K, committed 14080K, reserved 1060864K
  class space    used 1660K, capacity 1741K, committed 1792K, reserved 1048576K
}
Event: 5.588 GC heap before
{Heap before GC invocations=6 (full 1):
 PSYoungGen      total 53248K, used 49152K [0x00000000e0780000, 0x00000000e3f80000, 0x0000000100000000)
  eden space 49152K, 100% used [0x00000000e0780000,0x00000000e3780000,0x00000000e3780000)
  from space 4096K, 0% used [0x00000000e3b80000,0x00000000e3b80000,0x00000000e3f80000)
  to   space 4096K, 0% used [0x00000000e3780000,0x00000000e3780000,0x00000000e3b80000)
 ParOldGen       total 88064K, used 39902K [0x00000000a1600000, 0x00000000a6c00000, 0x00000000e0780000)
  object space 88064K, 45% used [0x00000000a1600000,0x00000000a3cf7b50,0x00000000a6c00000)
 Metaspace       used 13672K, capacity 13862K, committed 14080K, reserved 1060864K
  class space    used 1663K, capacity 1741K, committed 1792K, reserved 1048576K
Event: 5.592 GC heap after
Heap after GC invocations=6 (full 1):
 PSYoungGen      total 53248K, used 4082K [0x00000000e0780000, 0x00000000e9100000, 0x0000000100000000)
  eden space 49152K, 0% used [0x00000000e0780000,0x00000000e0780000,0x00000000e3780000)
  from space 4096K, 99% used [0x00000000e3780000,0x00000000e3b7c830,0x00000000e3b80000)
  to   space 24064K, 0% used [0x00000000e7980000,0x00000000e7980000,0x00000000e9100000)
 ParOldGen       total 88064K, used 46113K [0x00000000a1600000, 0x00000000a6c00000, 0x00000000e0780000)
  object space 88064K, 52% used [0x00000000a1600000,0x00000000a4308628,0x00000000a6c00000)
 Metaspace       used 13672K, capacity 13862K, committed 14080K, reserved 1060864K
  class space    used 1663K, capacity 1741K, committed 1792K, reserved 1048576K
}

