# JRE version: Java(TM) SE Runtime Environment (8.0_121-b13) (build 1.8.0_121-b13)
# Java VM: Java HotSpot(TM) 64-Bit Server VM (25.121-b13 mixed mode windows-amd64 compressed oops)
Heap:
 PSYoungGen      total 53248K, used 14419K [0x00000000e0780000, 0x00000000e8d00000, 0x0000000100000000)
  eden space 49152K, 21% used [0x00000000e0780000,0x00000000e11a8868,0x00000000e3780000)
  from space 4096K, 98% used [0x00000000e3780000,0x00000000e3b6c4d0,0x00000000e3b80000)
  to   space 23040K, 0% used [0x00000000e7680000,0x00000000e7680000,0x00000000e8d00000)
 ParOldGen       total 84992K, used 44775K [0x00000000a1600000, 0x00000000a6900000, 0x00000000e0780000)
  object space 84992K, 52% used [0x00000000a1600000,0x00000000a41b9cc0,0x00000000a6900000)
 Metaspace       used 13436K, capacity 13594K, committed 13824K, reserved 1060864K
  class space    used 1661K, capacity 1741K, committed 1792K, reserved 1048576K
GC Heap History (10 events):
Event: 3.339 GC heap before
{Heap before GC invocations=2 (full 0):
 PSYoungGen      total 28672K, used 23097K [0x00000000e0780000, 0x00000000e2780000, 0x0000000100000000)
  eden space 24576K, 77% used [0x00000000e0780000,0x00000000e1a11d20,0x00000000e1f80000)
  from space 4096K, 99% used [0x00000000e1f80000,0x00000000e237c768,0x00000000e2380000)
  to   space 4096K, 0% used [0x00000000e2380000,0x00000000e2380000,0x00000000e2780000)
 ParOldGen       total 65536K, used 10705K [0x00000000a1600000, 0x00000000a5600000, 0x00000000e0780000)
  object space 65536K, 16% used [0x00000000a1600000,0x00000000a2074630,0x00000000a5600000)
 Metaspace       used 13015K, capacity 13172K, committed 13312K, reserved 1060864K
  class space    used 1625K, capacity 1706K, committed 1792K, reserved 1048576K
Event: 3.345 GC heap after
Heap after GC invocations=2 (full 0):
 PSYoungGen      total 28672K, used 4081K [0x00000000e0780000, 0x00000000e3f80000, 0x0000000100000000)
  eden space 24576K, 0% used [0x00000000e0780000,0x00000000e0780000,0x00000000e1f80000)
  from space 4096K, 99% used [0x00000000e2380000,0x00000000e277c768,0x00000000e2780000)
  to   space 4096K, 0% used [0x00000000e1f80000,0x00000000e1f80000,0x00000000e2380000)
 ParOldGen       total 65536K, used 23471K [0x00000000a1600000, 0x00000000a5600000, 0x00000000e0780000)
  object space 65536K, 35% used [0x00000000a1600000,0x00000000a2cebcd0,0x00000000a5600000)
 Metaspace       used 13015K, capacity 13172K, committed 13312K, reserved 1060864K
  class space    used 1625K, capacity 1706K, committed 1792K, reserved 1048576K
}
Event: 3.380 GC heap before
{Heap before GC invocations=3 (full 0):
 PSYoungGen      total 28672K, used 25604K [0x00000000e0780000, 0x00000000e3f80000, 0x0000000100000000)
  eden space 24576K, 87% used [0x00000000e0780000,0x00000000e1c848f0,0x00000000e1f80000)
  from space 4096K, 99% used [0x00000000e2380000,0x00000000e277c768,0x00000000e2780000)
  to   space 4096K, 0% used [0x00000000e1f80000,0x00000000e1f80000,0x00000000e2380000)
 ParOldGen       total 65536K, used 39855K [0x00000000a1600000, 0x00000000a5600000, 0x00000000e0780000)
  object space 65536K, 60% used [0x00000000a1600000,0x00000000a3cebce0,0x00000000a5600000)
 Metaspace       used 13030K, capacity 13236K, committed 13568K, reserved 1060864K
  class space    used 1625K, capacity 1706K, committed 1792K, reserved 1048576K
Event: 3.383 GC heap after
Heap after GC invocations=3 (full 0):
 PSYoungGen      total 28672K, used 4081K [0x00000000e0780000, 0x00000000e3f80000, 0x0000000100000000)
  eden space 24576K, 0% used [0x00000000e0780000,0x00000000e0780000,0x00000000e1f80000)
  from space 4096K, 99% used [0x00000000e1f80000,0x00000000e237c768,0x00000000e2380000)
  to   space 4096K, 0% used [0x00000000e3b80000,0x00000000e3b80000,0x00000000e3f80000)
 ParOldGen       total 65536K, used 47402K [0x00000000a1600000, 0x00000000a5600000, 0x00000000e0780000)
  object space 65536K, 72% used [0x00000000a1600000,0x00000000a444abb0,0x00000000a5600000)
 Metaspace       used 13030K, capacity 13236K, committed 13568K, reserved 1060864K
  class space    used 1625K, capacity 1706K, committed 1792K, reserved 1048576K
}
Event: 3.522 GC heap before
{Heap before GC invocations=4 (full 0):
 PSYoungGen      total 28672K, used 28657K [0x00000000e0780000, 0x00000000e3f80000, 0x0000000100000000)
  eden space 24576K, 100% used [0x00000000e0780000,0x00000000e1f80000,0x00000000e1f80000)
  from space 4096K, 99% used [0x00000000e1f80000,0x00000000e237c768,0x00000000e2380000)
  to   space 4096K, 0% used [0x00000000e3b80000,0x00000000e3b80000,0x00000000e3f80000)
 ParOldGen       total 65536K, used 47402K [0x00000000a1600000, 0x00000000a5600000, 0x00000000e0780000)
  object space 65536K, 72% used [0x00000000a1600000,0x00000000a444abb0,0x00000000a5600000)
 Metaspace       used 13358K, capacity 13530K, committed 13824K, reserved 1060864K
  class space    used 1659K, capacity 1741K, committed 1792K, reserved 1048576K
Event: 3.530 GC heap after
Heap after GC invocations=4 (full 0):
 PSYoungGen      total 53248K, used 4081K [0x00000000e0780000, 0x00000000e3f80000, 0x0000000100000000)
  eden space 49152K, 0% used [0x00000000e0780000,0x00000000e0780000,0x00000000e3780000)
  from space 4096K, 99% used [0x00000000e3b80000,0x00000000e3f7c768,0x00000000e3f80000)
  to   space 4096K, 0% used [0x00000000e3780000,0x00000000e3780000,0x00000000e3b80000)
 ParOldGen       total 65536K, used 61963K [0x00000000a1600000, 0x00000000a5600000, 0x00000000e0780000)
  object space 65536K, 94% used [0x00000000a1600000,0x00000000a5282f28,0x00000000a5600000)
 Metaspace       used 13358K, capacity 13530K, committed 13824K, reserved 1060864K
  class space    used 1659K, capacity 1741K, committed 1792K, reserved 1048576K
}
Event: 3.530 GC heap before
{Heap before GC invocations=5 (full 1):
 PSYoungGen      total 53248K, used 4081K [0x00000000e0780000, 0x00000000e3f80000, 0x0000000100000000)
  eden space 49152K, 0% used [0x00000000e0780000,0x00000000e0780000,0x00000000e3780000)
  from space 4096K, 99% used [0x00000000e3b80000,0x00000000e3f7c768,0x00000000e3f80000)
  to   space 4096K, 0% used [0x00000000e3780000,0x00000000e3780000,0x00000000e3b80000)
 ParOldGen       total 65536K, used 61963K [0x00000000a1600000, 0x00000000a5600000, 0x00000000e0780000)
  object space 65536K, 94% used [0x00000000a1600000,0x00000000a5282f28,0x00000000a5600000)
 Metaspace       used 13358K, capacity 13530K, committed 13824K, reserved 1060864K
  class space    used 1659K, capacity 1741K, committed 1792K, reserved 1048576K
Event: 3.556 GC heap after
Heap after GC invocations=5 (full 1):
 PSYoungGen      total 53248K, used 0K [0x00000000e0780000, 0x00000000e3f80000, 0x0000000100000000)
  eden space 49152K, 0% used [0x00000000e0780000,0x00000000e0780000,0x00000000e3780000)
  from space 4096K, 0% used [0x00000000e3b80000,0x00000000e3b80000,0x00000000e3f80000)
  to   space 4096K, 0% used [0x00000000e3780000,0x00000000e3780000,0x00000000e3b80000)
 ParOldGen       total 84992K, used 39422K [0x00000000a1600000, 0x00000000a6900000, 0x00000000e0780000)
  object space 84992K, 46% used [0x00000000a1600000,0x00000000a3c7fb88,0x00000000a6900000)
 Metaspace       used 13358K, capacity 13530K, committed 13824K, reserved 1060864K
  class space    used 1659K, capacity 1741K, committed 1792K, reserved 1048576K
}
Event: 3.734 GC heap before
{Heap before GC invocations=6 (full 1):
 PSYoungGen      total 53248K, used 49152K [0x00000000e0780000, 0x00000000e3f80000, 0x0000000100000000)
  eden space 49152K, 100% used [0x00000000e0780000,0x00000000e3780000,0x00000000e3780000)
  from space 4096K, 0% used [0x00000000e3b80000,0x00000000e3b80000,0x00000000e3f80000)
  to   space 4096K, 0% used [0x00000000e3780000,0x00000000e3780000,0x00000000e3b80000)
 ParOldGen       total 84992K, used 39422K [0x00000000a1600000, 0x00000000a6900000, 0x00000000e0780000)
  object space 84992K, 46% used [0x00000000a1600000,0x00000000a3c7fb88,0x00000000a6900000)
 Metaspace       used 13432K, capacity 13594K, committed 13824K, reserved 1060864K
  class space    used 1661K, capacity 1741K, committed 1792K, reserved 1048576K
Event: 3.737 GC heap after
Heap after GC invocations=6 (full 1):
 PSYoungGen      total 53248K, used 4017K [0x00000000e0780000, 0x00000000e8d00000, 0x0000000100000000)
  eden space 49152K, 0% used [0x00000000e0780000,0x00000000e0780000,0x00000000e3780000)
  from space 4096K, 98% used [0x00000000e3780000,0x00000000e3b6c4d0,0x00000000e3b80000)
  to   space 23040K, 0% used [0x00000000e7680000,0x00000000e7680000,0x00000000e8d00000)
 ParOldGen       total 84992K, used 44775K [0x00000000a1600000, 0x00000000a6900000, 0x00000000e0780000)
  object space 84992K, 52% used [0x00000000a1600000,0x00000000a41b9cc0,0x00000000a6900000)
 Metaspace       used 13432K, capacity 13594K, committed 13824K, reserved 1060864K
  class space    used 1661K, capacity 1741K, committed 1792K, reserved 1048576K
}

