# JRE version: Java(TM) SE Runtime Environment (8.0_121-b13) (build 1.8.0_121-b13)
# Java VM: Java HotSpot(TM) 64-Bit Server VM (25.121-b13 mixed mode windows-amd64 compressed oops)
Heap:
 PSYoungGen      total 52224K, used 15089K [0x00000000e0780000, 0x00000000e9180000, 0x0000000100000000)
  eden space 48128K, 23% used [0x00000000e0780000,0x00000000e1255308,0x00000000e3680000)
  from space 4096K, 97% used [0x00000000e3680000,0x00000000e3a672c8,0x00000000e3a80000)
  to   space 25088K, 0% used [0x00000000e7900000,0x00000000e7900000,0x00000000e9180000)
 ParOldGen       total 75264K, used 43096K [0x00000000a1600000, 0x00000000a5f80000, 0x00000000e0780000)
  object space 75264K, 57% used [0x00000000a1600000,0x00000000a40162d0,0x00000000a5f80000)
 Metaspace       used 13421K, capacity 13594K, committed 13824K, reserved 1060864K
  class space    used 1661K, capacity 1741K, committed 1792K, reserved 1048576K
GC Heap History (10 events):
Event: 4.472 GC heap before
{Heap before GC invocations=2 (full 0):
 PSYoungGen      total 28672K, used 22650K [0x00000000e0780000, 0x00000000e2780000, 0x0000000100000000)
  eden space 24576K, 75% used [0x00000000e0780000,0x00000000e19a2208,0x00000000e1f80000)
  from space 4096K, 99% used [0x00000000e1f80000,0x00000000e237c768,0x00000000e2380000)
  to   space 4096K, 0% used [0x00000000e2380000,0x00000000e2380000,0x00000000e2780000)
 ParOldGen       total 65536K, used 8619K [0x00000000a1600000, 0x00000000a5600000, 0x00000000e0780000)
  object space 65536K, 13% used [0x00000000a1600000,0x00000000a1e6acd0,0x00000000a5600000)
 Metaspace       used 12897K, capacity 13108K, committed 13312K, reserved 1060864K
  class space    used 1624K, capacity 1706K, committed 1792K, reserved 1048576K
Event: 4.477 GC heap after
Heap after GC invocations=2 (full 0):
 PSYoungGen      total 28672K, used 4081K [0x00000000e0780000, 0x00000000e3f80000, 0x0000000100000000)
  eden space 24576K, 0% used [0x00000000e0780000,0x00000000e0780000,0x00000000e1f80000)
  from space 4096K, 99% used [0x00000000e2380000,0x00000000e277c768,0x00000000e2780000)
  to   space 4096K, 0% used [0x00000000e1f80000,0x00000000e1f80000,0x00000000e2380000)
 ParOldGen       total 65536K, used 21241K [0x00000000a1600000, 0x00000000a5600000, 0x00000000e0780000)
  object space 65536K, 32% used [0x00000000a1600000,0x00000000a2abe690,0x00000000a5600000)
 Metaspace       used 12897K, capacity 13108K, committed 13312K, reserved 1060864K
  class space    used 1624K, capacity 1706K, committed 1792K, reserved 1048576K
}
Event: 4.513 GC heap before
{Heap before GC invocations=3 (full 0):
 PSYoungGen      total 28672K, used 25517K [0x00000000e0780000, 0x00000000e3f80000, 0x0000000100000000)
  eden space 24576K, 87% used [0x00000000e0780000,0x00000000e1c6eee8,0x00000000e1f80000)
  from space 4096K, 99% used [0x00000000e2380000,0x00000000e277c768,0x00000000e2780000)
  to   space 4096K, 0% used [0x00000000e1f80000,0x00000000e1f80000,0x00000000e2380000)
 ParOldGen       total 65536K, used 37625K [0x00000000a1600000, 0x00000000a5600000, 0x00000000e0780000)
  object space 65536K, 57% used [0x00000000a1600000,0x00000000a3abe6a0,0x00000000a5600000)
 Metaspace       used 12916K, capacity 13108K, committed 13312K, reserved 1060864K
  class space    used 1624K, capacity 1706K, committed 1792K, reserved 1048576K
Event: 4.518 GC heap after
Heap after GC invocations=3 (full 0):
 PSYoungGen      total 28672K, used 4081K [0x00000000e0780000, 0x00000000e3f80000, 0x0000000100000000)
  eden space 24576K, 0% used [0x00000000e0780000,0x00000000e0780000,0x00000000e1f80000)
  from space 4096K, 99% used [0x00000000e1f80000,0x00000000e237c768,0x00000000e2380000)
  to   space 4096K, 0% used [0x00000000e3b80000,0x00000000e3b80000,0x00000000e3f80000)
 ParOldGen       total 65536K, used 53357K [0x00000000a1600000, 0x00000000a5600000, 0x00000000e0780000)
  object space 65536K, 81% used [0x00000000a1600000,0x00000000a4a1b580,0x00000000a5600000)
 Metaspace       used 12916K, capacity 13108K, committed 13312K, reserved 1060864K
  class space    used 1624K, capacity 1706K, committed 1792K, reserved 1048576K
}
Event: 4.518 GC heap before
{Heap before GC invocations=4 (full 1):
 PSYoungGen      total 28672K, used 4081K [0x00000000e0780000, 0x00000000e3f80000, 0x0000000100000000)
  eden space 24576K, 0% used [0x00000000e0780000,0x00000000e0780000,0x00000000e1f80000)
  from space 4096K, 99% used [0x00000000e1f80000,0x00000000e237c768,0x00000000e2380000)
  to   space 4096K, 0% used [0x00000000e3b80000,0x00000000e3b80000,0x00000000e3f80000)
 ParOldGen       total 65536K, used 53357K [0x00000000a1600000, 0x00000000a5600000, 0x00000000e0780000)
  object space 65536K, 81% used [0x00000000a1600000,0x00000000a4a1b580,0x00000000a5600000)
 Metaspace       used 12916K, capacity 13108K, committed 13312K, reserved 1060864K
  class space    used 1624K, capacity 1706K, committed 1792K, reserved 1048576K
Event: 4.537 GC heap after
Heap after GC invocations=4 (full 1):
 PSYoungGen      total 28672K, used 0K [0x00000000e0780000, 0x00000000e3f80000, 0x0000000100000000)
  eden space 24576K, 0% used [0x00000000e0780000,0x00000000e0780000,0x00000000e1f80000)
  from space 4096K, 0% used [0x00000000e1f80000,0x00000000e1f80000,0x00000000e2380000)
  to   space 4096K, 0% used [0x00000000e3b80000,0x00000000e3b80000,0x00000000e3f80000)
 ParOldGen       total 75264K, used 28672K [0x00000000a1600000, 0x00000000a5f80000, 0x00000000e0780000)
  object space 75264K, 38% used [0x00000000a1600000,0x00000000a3200190,0x00000000a5f80000)
 Metaspace       used 12916K, capacity 13108K, committed 13312K, reserved 1060864K
  class space    used 1624K, capacity 1706K, committed 1792K, reserved 1048576K
}
Event: 4.680 GC heap before
{Heap before GC invocations=5 (full 1):
 PSYoungGen      total 28672K, used 24576K [0x00000000e0780000, 0x00000000e3f80000, 0x0000000100000000)
  eden space 24576K, 100% used [0x00000000e0780000,0x00000000e1f80000,0x00000000e1f80000)
  from space 4096K, 0% used [0x00000000e1f80000,0x00000000e1f80000,0x00000000e2380000)
  to   space 4096K, 0% used [0x00000000e3b80000,0x00000000e3b80000,0x00000000e3f80000)
 ParOldGen       total 75264K, used 28672K [0x00000000a1600000, 0x00000000a5f80000, 0x00000000e0780000)
  object space 75264K, 38% used [0x00000000a1600000,0x00000000a3200190,0x00000000a5f80000)
 Metaspace       used 13236K, capacity 13402K, committed 13568K, reserved 1060864K
  class space    used 1658K, capacity 1741K, committed 1792K, reserved 1048576K
Event: 4.683 GC heap after
Heap after GC invocations=5 (full 1):
 PSYoungGen      total 50688K, used 2637K [0x00000000e0780000, 0x00000000e3e80000, 0x0000000100000000)
  eden space 47616K, 0% used [0x00000000e0780000,0x00000000e0780000,0x00000000e3600000)
  from space 3072K, 85% used [0x00000000e3b80000,0x00000000e3e137a0,0x00000000e3e80000)
  to   space 4096K, 0% used [0x00000000e3680000,0x00000000e3680000,0x00000000e3a80000)
 ParOldGen       total 75264K, used 37020K [0x00000000a1600000, 0x00000000a5f80000, 0x00000000e0780000)
  object space 75264K, 49% used [0x00000000a1600000,0x00000000a3a27300,0x00000000a5f80000)
 Metaspace       used 13236K, capacity 13402K, committed 13568K, reserved 1060864K
  class space    used 1658K, capacity 1741K, committed 1792K, reserved 1048576K
}
Event: 4.812 GC heap before
{Heap before GC invocations=6 (full 1):
 PSYoungGen      total 50688K, used 50253K [0x00000000e0780000, 0x00000000e3e80000, 0x0000000100000000)
  eden space 47616K, 100% used [0x00000000e0780000,0x00000000e3600000,0x00000000e3600000)
  from space 3072K, 85% used [0x00000000e3b80000,0x00000000e3e137a0,0x00000000e3e80000)
  to   space 4096K, 0% used [0x00000000e3680000,0x00000000e3680000,0x00000000e3a80000)
 ParOldGen       total 75264K, used 37020K [0x00000000a1600000, 0x00000000a5f80000, 0x00000000e0780000)
  object space 75264K, 49% used [0x00000000a1600000,0x00000000a3a27300,0x00000000a5f80000)
 Metaspace       used 13316K, capacity 13530K, committed 13824K, reserved 1060864K
  class space    used 1660K, capacity 1741K, committed 1792K, reserved 1048576K
Event: 4.815 GC heap after
Heap after GC invocations=6 (full 1):
 PSYoungGen      total 52224K, used 3996K [0x00000000e0780000, 0x00000000e9180000, 0x0000000100000000)
  eden space 48128K, 0% used [0x00000000e0780000,0x00000000e0780000,0x00000000e3680000)
  from space 4096K, 97% used [0x00000000e3680000,0x00000000e3a672c8,0x00000000e3a80000)
  to   space 25088K, 0% used [0x00000000e7900000,0x00000000e7900000,0x00000000e9180000)
 ParOldGen       total 75264K, used 43096K [0x00000000a1600000, 0x00000000a5f80000, 0x00000000e0780000)
  object space 75264K, 57% used [0x00000000a1600000,0x00000000a40162d0,0x00000000a5f80000)
 Metaspace       used 13316K, capacity 13530K, committed 13824K, reserved 1060864K
  class space    used 1660K, capacity 1741K, committed 1792K, reserved 1048576K
}

